<?xml version="1.0" encoding="UTF-8"?>
<!-- Generated by org.testng.reporters.JUnitReportReporter -->
<testsuite hostname="DESKTOP-B0K7HHH" name="automation_project_test.verifyGoogleSearch" tests="1" failures="0" timestamp="31 Mar 2020 13:21:31 GMT" time="0.041" errors="0">
  <testcase name="verifyFlipkartGoogleSearch" time="0.041" classname="automation_project_test.verifyGoogleSearch"/>
</testsuite> <!-- automation_project_test.verifyGoogleSearch -->
